<?xml version="1.0" encoding="UTF-8"?>
<!-- Generated by org.testng.reporters.JUnitReportReporter -->
<testsuite hostname="hp" failures="0" tests="1" name="scripts.AddingProductCart" time="77.861" errors="0" timestamp="2021-07-30T16:46:15 IST" skipped="0">
  <testcase classname="scripts.AddingProductCart" name="tc1" time="77.861"/>
  <system-out/>
</testsuite> <!-- scripts.AddingProductCart -->
